Terminals unused in grammar

   UMINUS


State 22 conflicts: 1 shift/reduce, 18 reduce/reduce
State 25 conflicts: 1 shift/reduce
State 69 conflicts: 16 shift/reduce
State 70 conflicts: 16 shift/reduce
State 71 conflicts: 16 shift/reduce
State 95 conflicts: 16 shift/reduce
State 99 conflicts: 16 shift/reduce
State 100 conflicts: 16 shift/reduce
State 101 conflicts: 16 shift/reduce
State 102 conflicts: 16 shift/reduce
State 103 conflicts: 16 shift/reduce
State 104 conflicts: 16 shift/reduce
State 105 conflicts: 16 shift/reduce
State 106 conflicts: 16 shift/reduce
State 107 conflicts: 16 shift/reduce
State 108 conflicts: 16 shift/reduce
State 109 conflicts: 16 shift/reduce
State 110 conflicts: 16 shift/reduce
State 111 conflicts: 16 shift/reduce
State 112 conflicts: 16 shift/reduce
State 113 conflicts: 16 shift/reduce
State 114 conflicts: 16 shift/reduce


Grammar

    0 $accept: program $end

    1 program: decl_list

    2 decl_list: decl
    3          | decl_list decl

    4 decl: variableDecl
    5     | callDecl

    6 variableDecl: VAR variable ';'

    7 variable: OBJECTID TYPEID

    8 callDecl: FUNC OBJECTID '(' variable_list ')' TYPEID stmtBlock

    9 variable_list: %empty
   10              | variable
   11              | variable_list ',' variable

   12 variableDecl_list: %empty
   13                  | variableDecl_list variableDecl

   14 stmt_list: %empty
   15          | stmt_list stmt

   16 stmtBlock: '{' variableDecl_list stmt_list '}'
   17          | '{' stmt_list '}'
   18          | '{' variableDecl_list '}'
   19          | '{' '}'

   20 stmt: ';'
   21     | expr ';'
   22     | ifStmt
   23     | whileStmt
   24     | forStmt
   25     | breakStmt
   26     | continueStmt
   27     | returnStmt
   28     | stmtBlock

   29 ifStmt: IF expr stmtBlock
   30       | IF expr stmtBlock ELSE stmtBlock

   31 whileStmt: WHILE expr stmtBlock

   32 forStmt: FOR expr ';' expr ';' expr stmtBlock
   33        | FOR expr ';' expr ';' stmtBlock
   34        | FOR expr ';' ';' expr stmtBlock
   35        | FOR ';' expr ';' expr stmtBlock
   36        | FOR ';' ';' expr stmtBlock
   37        | FOR ';' expr ';' stmtBlock
   38        | FOR expr ';' ';' stmtBlock
   39        | FOR ';' ';' stmtBlock

   40 returnStmt: RETURN expr ';'
   41           | RETURN ';'

   42 continueStmt: CONTINUE ';'

   43 breakStmt: BREAK ';'

   44 expr: OBJECTID '=' expr
   45     | CONST_INT
   46     | CONST_FLOAT
   47     | CONST_STRING
   48     | CONST_BOOL
   49     | call
   50     | '(' expr ')'
   51     | OBJECTID
   52     | expr '+' expr
   53     | expr '-' expr
   54     | expr '*' expr
   55     | expr '/' expr
   56     | expr '%' expr
   57     | '-' expr
   58     | expr '<' expr
   59     | expr LE expr
   60     | expr EQUAL expr
   61     | expr NE expr
   62     | expr GE expr
   63     | expr '>' expr
   64     | expr AND expr
   65     | expr OR expr
   66     | expr '^' expr
   67     | '!' expr
   68     | '~' expr
   69     | expr '&' expr
   70     | expr '|' expr

   71 call: OBJECTID '(' actuals ')'

   72 actuals: %empty
   73        | expr
   74        | actuals ',' expr


Terminals, with rules where they appear

$end (0) 0
'!' (33) 67
'%' (37) 56
'&' (38) 69
'(' (40) 8 50 71
')' (41) 8 50 71
'*' (42) 54
'+' (43) 52
',' (44) 11 74
'-' (45) 53 57
'/' (47) 55
';' (59) 6 20 21 32 33 34 35 36 37 38 39 40 41 42 43
'<' (60) 58
'=' (61) 44
'>' (62) 63
'^' (94) 66
'{' (123) 16 17 18 19
'|' (124) 70
'}' (125) 16 17 18 19
'~' (126) 68
error (256)
IF (258) 29 30
ELSE (260) 30
WHILE (261) 31
FOR (262) 32 33 34 35 36 37 38 39
BREAK (263) 43
CONTINUE (264) 42
FUNC (265) 8
RETURN (266) 40 41
CONST_BOOL (267) 48
CONST_INT (268) 45
CONST_STRING (269) 47
CONST_FLOAT (270) 46
VAR (271) 6
AND (274) 64
OR (275) 65
EQUAL (276) 60
NE (277) 61
GE (278) 62
LE (279) 59
OBJECTID (284) 7 8 44 51 71
TYPEID (285) 7 8
UMINUS (287)


Nonterminals, with rules where they appear

$accept (44)
    on left: 0
program (45)
    on left: 1, on right: 0
decl_list (46)
    on left: 2 3, on right: 1 3
decl (47)
    on left: 4 5, on right: 2 3
variableDecl (48)
    on left: 6, on right: 4 13
variable (49)
    on left: 7, on right: 6 10 11
callDecl (50)
    on left: 8, on right: 5
variable_list (51)
    on left: 9 10 11, on right: 8 11
variableDecl_list (52)
    on left: 12 13, on right: 13 16 18
stmt_list (53)
    on left: 14 15, on right: 15 16 17
stmtBlock (54)
    on left: 16 17 18 19, on right: 8 28 29 30 31 32 33 34 35 36 37
    38 39
stmt (55)
    on left: 20 21 22 23 24 25 26 27 28, on right: 15
ifStmt (56)
    on left: 29 30, on right: 22
whileStmt (57)
    on left: 31, on right: 23
forStmt (58)
    on left: 32 33 34 35 36 37 38 39, on right: 24
returnStmt (59)
    on left: 40 41, on right: 27
continueStmt (60)
    on left: 42, on right: 26
breakStmt (61)
    on left: 43, on right: 25
expr (62)
    on left: 44 45 46 47 48 49 50 51 52 53 54 55 56 57 58 59 60 61
    62 63 64 65 66 67 68 69 70, on right: 21 29 30 31 32 33 34 35 36
    37 38 40 44 50 52 53 54 55 56 57 58 59 60 61 62 63 64 65 66 67
    68 69 70 73 74
call (63)
    on left: 71, on right: 49
actuals (64)
    on left: 72 73 74, on right: 71 74


State 0

    0 $accept: . program $end

    FUNC  shift, and go to state 1
    VAR   shift, and go to state 2

    program       go to state 3
    decl_list     go to state 4
    decl          go to state 5
    variableDecl  go to state 6
    callDecl      go to state 7


State 1

    8 callDecl: FUNC . OBJECTID '(' variable_list ')' TYPEID stmtBlock

    OBJECTID  shift, and go to state 8


State 2

    6 variableDecl: VAR . variable ';'

    OBJECTID  shift, and go to state 9

    variable  go to state 10


State 3

    0 $accept: program . $end

    $end  shift, and go to state 11


State 4

    1 program: decl_list .
    3 decl_list: decl_list . decl

    FUNC  shift, and go to state 1
    VAR   shift, and go to state 2

    $default  reduce using rule 1 (program)

    decl          go to state 12
    variableDecl  go to state 6
    callDecl      go to state 7


State 5

    2 decl_list: decl .

    $default  reduce using rule 2 (decl_list)


State 6

    4 decl: variableDecl .

    $default  reduce using rule 4 (decl)


State 7

    5 decl: callDecl .

    $default  reduce using rule 5 (decl)


State 8

    8 callDecl: FUNC OBJECTID . '(' variable_list ')' TYPEID stmtBlock

    '('  shift, and go to state 13


State 9

    7 variable: OBJECTID . TYPEID

    TYPEID  shift, and go to state 14


State 10

    6 variableDecl: VAR variable . ';'

    ';'  shift, and go to state 15


State 11

    0 $accept: program $end .

    $default  accept


State 12

    3 decl_list: decl_list decl .

    $default  reduce using rule 3 (decl_list)


State 13

    8 callDecl: FUNC OBJECTID '(' . variable_list ')' TYPEID stmtBlock

    OBJECTID  shift, and go to state 9

    $default  reduce using rule 9 (variable_list)

    variable       go to state 16
    variable_list  go to state 17


State 14

    7 variable: OBJECTID TYPEID .

    $default  reduce using rule 7 (variable)


State 15

    6 variableDecl: VAR variable ';' .

    $default  reduce using rule 6 (variableDecl)


State 16

   10 variable_list: variable .

    $default  reduce using rule 10 (variable_list)


State 17

    8 callDecl: FUNC OBJECTID '(' variable_list . ')' TYPEID stmtBlock
   11 variable_list: variable_list . ',' variable

    ')'  shift, and go to state 18
    ','  shift, and go to state 19


State 18

    8 callDecl: FUNC OBJECTID '(' variable_list ')' . TYPEID stmtBlock

    TYPEID  shift, and go to state 20


State 19

   11 variable_list: variable_list ',' . variable

    OBJECTID  shift, and go to state 9

    variable  go to state 21


State 20

    8 callDecl: FUNC OBJECTID '(' variable_list ')' TYPEID . stmtBlock

    '{'  shift, and go to state 22

    stmtBlock  go to state 23


State 21

   11 variable_list: variable_list ',' variable .

    $default  reduce using rule 11 (variable_list)


State 22

   16 stmtBlock: '{' . variableDecl_list stmt_list '}'
   17          | '{' . stmt_list '}'
   18          | '{' . variableDecl_list '}'
   19          | '{' . '}'

    '}'  shift, and go to state 24

    IF            reduce using rule 12 (variableDecl_list)
    IF            [reduce using rule 14 (stmt_list)]
    WHILE         reduce using rule 12 (variableDecl_list)
    WHILE         [reduce using rule 14 (stmt_list)]
    FOR           reduce using rule 12 (variableDecl_list)
    FOR           [reduce using rule 14 (stmt_list)]
    BREAK         reduce using rule 12 (variableDecl_list)
    BREAK         [reduce using rule 14 (stmt_list)]
    CONTINUE      reduce using rule 12 (variableDecl_list)
    CONTINUE      [reduce using rule 14 (stmt_list)]
    RETURN        reduce using rule 12 (variableDecl_list)
    RETURN        [reduce using rule 14 (stmt_list)]
    CONST_BOOL    reduce using rule 12 (variableDecl_list)
    CONST_BOOL    [reduce using rule 14 (stmt_list)]
    CONST_INT     reduce using rule 12 (variableDecl_list)
    CONST_INT     [reduce using rule 14 (stmt_list)]
    CONST_STRING  reduce using rule 12 (variableDecl_list)
    CONST_STRING  [reduce using rule 14 (stmt_list)]
    CONST_FLOAT   reduce using rule 12 (variableDecl_list)
    CONST_FLOAT   [reduce using rule 14 (stmt_list)]
    OBJECTID      reduce using rule 12 (variableDecl_list)
    OBJECTID      [reduce using rule 14 (stmt_list)]
    ';'           reduce using rule 12 (variableDecl_list)
    ';'           [reduce using rule 14 (stmt_list)]
    '('           reduce using rule 12 (variableDecl_list)
    '('           [reduce using rule 14 (stmt_list)]
    '{'           reduce using rule 12 (variableDecl_list)
    '{'           [reduce using rule 14 (stmt_list)]
    '}'           [reduce using rule 12 (variableDecl_list)]
    '}'           [reduce using rule 14 (stmt_list)]
    '-'           reduce using rule 12 (variableDecl_list)
    '-'           [reduce using rule 14 (stmt_list)]
    '!'           reduce using rule 12 (variableDecl_list)
    '!'           [reduce using rule 14 (stmt_list)]
    '~'           reduce using rule 12 (variableDecl_list)
    '~'           [reduce using rule 14 (stmt_list)]
    $default      reduce using rule 12 (variableDecl_list)

    variableDecl_list  go to state 25
    stmt_list          go to state 26


State 23

    8 callDecl: FUNC OBJECTID '(' variable_list ')' TYPEID stmtBlock .

    $default  reduce using rule 8 (callDecl)


State 24

   19 stmtBlock: '{' '}' .

    $default  reduce using rule 19 (stmtBlock)


State 25

   13 variableDecl_list: variableDecl_list . variableDecl
   16 stmtBlock: '{' variableDecl_list . stmt_list '}'
   18          | '{' variableDecl_list . '}'

    VAR  shift, and go to state 2
    '}'  shift, and go to state 27

    '}'       [reduce using rule 14 (stmt_list)]
    $default  reduce using rule 14 (stmt_list)

    variableDecl  go to state 28
    stmt_list     go to state 29


State 26

   15 stmt_list: stmt_list . stmt
   17 stmtBlock: '{' stmt_list . '}'

    IF            shift, and go to state 30
    WHILE         shift, and go to state 31
    FOR           shift, and go to state 32
    BREAK         shift, and go to state 33
    CONTINUE      shift, and go to state 34
    RETURN        shift, and go to state 35
    CONST_BOOL    shift, and go to state 36
    CONST_INT     shift, and go to state 37
    CONST_STRING  shift, and go to state 38
    CONST_FLOAT   shift, and go to state 39
    OBJECTID      shift, and go to state 40
    ';'           shift, and go to state 41
    '('           shift, and go to state 42
    '{'           shift, and go to state 22
    '}'           shift, and go to state 43
    '-'           shift, and go to state 44
    '!'           shift, and go to state 45
    '~'           shift, and go to state 46

    stmtBlock     go to state 47
    stmt          go to state 48
    ifStmt        go to state 49
    whileStmt     go to state 50
    forStmt       go to state 51
    returnStmt    go to state 52
    continueStmt  go to state 53
    breakStmt     go to state 54
    expr          go to state 55
    call          go to state 56


State 27

   18 stmtBlock: '{' variableDecl_list '}' .

    $default  reduce using rule 18 (stmtBlock)


State 28

   13 variableDecl_list: variableDecl_list variableDecl .

    $default  reduce using rule 13 (variableDecl_list)


State 29

   15 stmt_list: stmt_list . stmt
   16 stmtBlock: '{' variableDecl_list stmt_list . '}'

    IF            shift, and go to state 30
    WHILE         shift, and go to state 31
    FOR           shift, and go to state 32
    BREAK         shift, and go to state 33
    CONTINUE      shift, and go to state 34
    RETURN        shift, and go to state 35
    CONST_BOOL    shift, and go to state 36
    CONST_INT     shift, and go to state 37
    CONST_STRING  shift, and go to state 38
    CONST_FLOAT   shift, and go to state 39
    OBJECTID      shift, and go to state 40
    ';'           shift, and go to state 41
    '('           shift, and go to state 42
    '{'           shift, and go to state 22
    '}'           shift, and go to state 57
    '-'           shift, and go to state 44
    '!'           shift, and go to state 45
    '~'           shift, and go to state 46

    stmtBlock     go to state 47
    stmt          go to state 48
    ifStmt        go to state 49
    whileStmt     go to state 50
    forStmt       go to state 51
    returnStmt    go to state 52
    continueStmt  go to state 53
    breakStmt     go to state 54
    expr          go to state 55
    call          go to state 56


State 30

   29 ifStmt: IF . expr stmtBlock
   30       | IF . expr stmtBlock ELSE stmtBlock

    CONST_BOOL    shift, and go to state 36
    CONST_INT     shift, and go to state 37
    CONST_STRING  shift, and go to state 38
    CONST_FLOAT   shift, and go to state 39
    OBJECTID      shift, and go to state 40
    '('           shift, and go to state 42
    '-'           shift, and go to state 44
    '!'           shift, and go to state 45
    '~'           shift, and go to state 46

    expr  go to state 58
    call  go to state 56


State 31

   31 whileStmt: WHILE . expr stmtBlock

    CONST_BOOL    shift, and go to state 36
    CONST_INT     shift, and go to state 37
    CONST_STRING  shift, and go to state 38
    CONST_FLOAT   shift, and go to state 39
    OBJECTID      shift, and go to state 40
    '('           shift, and go to state 42
    '-'           shift, and go to state 44
    '!'           shift, and go to state 45
    '~'           shift, and go to state 46

    expr  go to state 59
    call  go to state 56


State 32

   32 forStmt: FOR . expr ';' expr ';' expr stmtBlock
   33        | FOR . expr ';' expr ';' stmtBlock
   34        | FOR . expr ';' ';' expr stmtBlock
   35        | FOR . ';' expr ';' expr stmtBlock
   36        | FOR . ';' ';' expr stmtBlock
   37        | FOR . ';' expr ';' stmtBlock
   38        | FOR . expr ';' ';' stmtBlock
   39        | FOR . ';' ';' stmtBlock

    CONST_BOOL    shift, and go to state 36
    CONST_INT     shift, and go to state 37
    CONST_STRING  shift, and go to state 38
    CONST_FLOAT   shift, and go to state 39
    OBJECTID      shift, and go to state 40
    ';'           shift, and go to state 60
    '('           shift, and go to state 42
    '-'           shift, and go to state 44
    '!'           shift, and go to state 45
    '~'           shift, and go to state 46

    expr  go to state 61
    call  go to state 56


State 33

   43 breakStmt: BREAK . ';'

    ';'  shift, and go to state 62


State 34

   42 continueStmt: CONTINUE . ';'

    ';'  shift, and go to state 63


State 35

   40 returnStmt: RETURN . expr ';'
   41           | RETURN . ';'

    CONST_BOOL    shift, and go to state 36
    CONST_INT     shift, and go to state 37
    CONST_STRING  shift, and go to state 38
    CONST_FLOAT   shift, and go to state 39
    OBJECTID      shift, and go to state 40
    ';'           shift, and go to state 64
    '('           shift, and go to state 42
    '-'           shift, and go to state 44
    '!'           shift, and go to state 45
    '~'           shift, and go to state 46

    expr  go to state 65
    call  go to state 56


State 36

   48 expr: CONST_BOOL .

    $default  reduce using rule 48 (expr)


State 37

   45 expr: CONST_INT .

    $default  reduce using rule 45 (expr)


State 38

   47 expr: CONST_STRING .

    $default  reduce using rule 47 (expr)


State 39

   46 expr: CONST_FLOAT .

    $default  reduce using rule 46 (expr)


State 40

   44 expr: OBJECTID . '=' expr
   51     | OBJECTID .
   71 call: OBJECTID . '(' actuals ')'

    '='  shift, and go to state 66
    '('  shift, and go to state 67

    $default  reduce using rule 51 (expr)


State 41

   20 stmt: ';' .

    $default  reduce using rule 20 (stmt)


State 42

   50 expr: '(' . expr ')'

    CONST_BOOL    shift, and go to state 36
    CONST_INT     shift, and go to state 37
    CONST_STRING  shift, and go to state 38
    CONST_FLOAT   shift, and go to state 39
    OBJECTID      shift, and go to state 40
    '('           shift, and go to state 42
    '-'           shift, and go to state 44
    '!'           shift, and go to state 45
    '~'           shift, and go to state 46

    expr  go to state 68
    call  go to state 56


State 43

   17 stmtBlock: '{' stmt_list '}' .

    $default  reduce using rule 17 (stmtBlock)


State 44

   57 expr: '-' . expr

    CONST_BOOL    shift, and go to state 36
    CONST_INT     shift, and go to state 37
    CONST_STRING  shift, and go to state 38
    CONST_FLOAT   shift, and go to state 39
    OBJECTID      shift, and go to state 40
    '('           shift, and go to state 42
    '-'           shift, and go to state 44
    '!'           shift, and go to state 45
    '~'           shift, and go to state 46

    expr  go to state 69
    call  go to state 56


State 45

   67 expr: '!' . expr

    CONST_BOOL    shift, and go to state 36
    CONST_INT     shift, and go to state 37
    CONST_STRING  shift, and go to state 38
    CONST_FLOAT   shift, and go to state 39
    OBJECTID      shift, and go to state 40
    '('           shift, and go to state 42
    '-'           shift, and go to state 44
    '!'           shift, and go to state 45
    '~'           shift, and go to state 46

    expr  go to state 70
    call  go to state 56


State 46

   68 expr: '~' . expr

    CONST_BOOL    shift, and go to state 36
    CONST_INT     shift, and go to state 37
    CONST_STRING  shift, and go to state 38
    CONST_FLOAT   shift, and go to state 39
    OBJECTID      shift, and go to state 40
    '('           shift, and go to state 42
    '-'           shift, and go to state 44
    '!'           shift, and go to state 45
    '~'           shift, and go to state 46

    expr  go to state 71
    call  go to state 56


State 47

   28 stmt: stmtBlock .

    $default  reduce using rule 28 (stmt)


State 48

   15 stmt_list: stmt_list stmt .

    $default  reduce using rule 15 (stmt_list)


State 49

   22 stmt: ifStmt .

    $default  reduce using rule 22 (stmt)


State 50

   23 stmt: whileStmt .

    $default  reduce using rule 23 (stmt)


State 51

   24 stmt: forStmt .

    $default  reduce using rule 24 (stmt)


State 52

   27 stmt: returnStmt .

    $default  reduce using rule 27 (stmt)


State 53

   26 stmt: continueStmt .

    $default  reduce using rule 26 (stmt)


State 54

   25 stmt: breakStmt .

    $default  reduce using rule 25 (stmt)


State 55

   21 stmt: expr . ';'
   52 expr: expr . '+' expr
   53     | expr . '-' expr
   54     | expr . '*' expr
   55     | expr . '/' expr
   56     | expr . '%' expr
   58     | expr . '<' expr
   59     | expr . LE expr
   60     | expr . EQUAL expr
   61     | expr . NE expr
   62     | expr . GE expr
   63     | expr . '>' expr
   64     | expr . AND expr
   65     | expr . OR expr
   66     | expr . '^' expr
   69     | expr . '&' expr
   70     | expr . '|' expr

    AND    shift, and go to state 72
    OR     shift, and go to state 73
    EQUAL  shift, and go to state 74
    NE     shift, and go to state 75
    GE     shift, and go to state 76
    LE     shift, and go to state 77
    ';'    shift, and go to state 78
    '+'    shift, and go to state 79
    '-'    shift, and go to state 80
    '*'    shift, and go to state 81
    '/'    shift, and go to state 82
    '%'    shift, and go to state 83
    '<'    shift, and go to state 84
    '>'    shift, and go to state 85
    '^'    shift, and go to state 86
    '&'    shift, and go to state 87
    '|'    shift, and go to state 88


State 56

   49 expr: call .

    $default  reduce using rule 49 (expr)


State 57

   16 stmtBlock: '{' variableDecl_list stmt_list '}' .

    $default  reduce using rule 16 (stmtBlock)


State 58

   29 ifStmt: IF expr . stmtBlock
   30       | IF expr . stmtBlock ELSE stmtBlock
   52 expr: expr . '+' expr
   53     | expr . '-' expr
   54     | expr . '*' expr
   55     | expr . '/' expr
   56     | expr . '%' expr
   58     | expr . '<' expr
   59     | expr . LE expr
   60     | expr . EQUAL expr
   61     | expr . NE expr
   62     | expr . GE expr
   63     | expr . '>' expr
   64     | expr . AND expr
   65     | expr . OR expr
   66     | expr . '^' expr
   69     | expr . '&' expr
   70     | expr . '|' expr

    AND    shift, and go to state 72
    OR     shift, and go to state 73
    EQUAL  shift, and go to state 74
    NE     shift, and go to state 75
    GE     shift, and go to state 76
    LE     shift, and go to state 77
    '{'    shift, and go to state 22
    '+'    shift, and go to state 79
    '-'    shift, and go to state 80
    '*'    shift, and go to state 81
    '/'    shift, and go to state 82
    '%'    shift, and go to state 83
    '<'    shift, and go to state 84
    '>'    shift, and go to state 85
    '^'    shift, and go to state 86
    '&'    shift, and go to state 87
    '|'    shift, and go to state 88

    stmtBlock  go to state 89


State 59

   31 whileStmt: WHILE expr . stmtBlock
   52 expr: expr . '+' expr
   53     | expr . '-' expr
   54     | expr . '*' expr
   55     | expr . '/' expr
   56     | expr . '%' expr
   58     | expr . '<' expr
   59     | expr . LE expr
   60     | expr . EQUAL expr
   61     | expr . NE expr
   62     | expr . GE expr
   63     | expr . '>' expr
   64     | expr . AND expr
   65     | expr . OR expr
   66     | expr . '^' expr
   69     | expr . '&' expr
   70     | expr . '|' expr

    AND    shift, and go to state 72
    OR     shift, and go to state 73
    EQUAL  shift, and go to state 74
    NE     shift, and go to state 75
    GE     shift, and go to state 76
    LE     shift, and go to state 77
    '{'    shift, and go to state 22
    '+'    shift, and go to state 79
    '-'    shift, and go to state 80
    '*'    shift, and go to state 81
    '/'    shift, and go to state 82
    '%'    shift, and go to state 83
    '<'    shift, and go to state 84
    '>'    shift, and go to state 85
    '^'    shift, and go to state 86
    '&'    shift, and go to state 87
    '|'    shift, and go to state 88

    stmtBlock  go to state 90


State 60

   35 forStmt: FOR ';' . expr ';' expr stmtBlock
   36        | FOR ';' . ';' expr stmtBlock
   37        | FOR ';' . expr ';' stmtBlock
   39        | FOR ';' . ';' stmtBlock

    CONST_BOOL    shift, and go to state 36
    CONST_INT     shift, and go to state 37
    CONST_STRING  shift, and go to state 38
    CONST_FLOAT   shift, and go to state 39
    OBJECTID      shift, and go to state 40
    ';'           shift, and go to state 91
    '('           shift, and go to state 42
    '-'           shift, and go to state 44
    '!'           shift, and go to state 45
    '~'           shift, and go to state 46

    expr  go to state 92
    call  go to state 56


State 61

   32 forStmt: FOR expr . ';' expr ';' expr stmtBlock
   33        | FOR expr . ';' expr ';' stmtBlock
   34        | FOR expr . ';' ';' expr stmtBlock
   38        | FOR expr . ';' ';' stmtBlock
   52 expr: expr . '+' expr
   53     | expr . '-' expr
   54     | expr . '*' expr
   55     | expr . '/' expr
   56     | expr . '%' expr
   58     | expr . '<' expr
   59     | expr . LE expr
   60     | expr . EQUAL expr
   61     | expr . NE expr
   62     | expr . GE expr
   63     | expr . '>' expr
   64     | expr . AND expr
   65     | expr . OR expr
   66     | expr . '^' expr
   69     | expr . '&' expr
   70     | expr . '|' expr

    AND    shift, and go to state 72
    OR     shift, and go to state 73
    EQUAL  shift, and go to state 74
    NE     shift, and go to state 75
    GE     shift, and go to state 76
    LE     shift, and go to state 77
    ';'    shift, and go to state 93
    '+'    shift, and go to state 79
    '-'    shift, and go to state 80
    '*'    shift, and go to state 81
    '/'    shift, and go to state 82
    '%'    shift, and go to state 83
    '<'    shift, and go to state 84
    '>'    shift, and go to state 85
    '^'    shift, and go to state 86
    '&'    shift, and go to state 87
    '|'    shift, and go to state 88


State 62

   43 breakStmt: BREAK ';' .

    $default  reduce using rule 43 (breakStmt)


State 63

   42 continueStmt: CONTINUE ';' .

    $default  reduce using rule 42 (continueStmt)


State 64

   41 returnStmt: RETURN ';' .

    $default  reduce using rule 41 (returnStmt)


State 65

   40 returnStmt: RETURN expr . ';'
   52 expr: expr . '+' expr
   53     | expr . '-' expr
   54     | expr . '*' expr
   55     | expr . '/' expr
   56     | expr . '%' expr
   58     | expr . '<' expr
   59     | expr . LE expr
   60     | expr . EQUAL expr
   61     | expr . NE expr
   62     | expr . GE expr
   63     | expr . '>' expr
   64     | expr . AND expr
   65     | expr . OR expr
   66     | expr . '^' expr
   69     | expr . '&' expr
   70     | expr . '|' expr

    AND    shift, and go to state 72
    OR     shift, and go to state 73
    EQUAL  shift, and go to state 74
    NE     shift, and go to state 75
    GE     shift, and go to state 76
    LE     shift, and go to state 77
    ';'    shift, and go to state 94
    '+'    shift, and go to state 79
    '-'    shift, and go to state 80
    '*'    shift, and go to state 81
    '/'    shift, and go to state 82
    '%'    shift, and go to state 83
    '<'    shift, and go to state 84
    '>'    shift, and go to state 85
    '^'    shift, and go to state 86
    '&'    shift, and go to state 87
    '|'    shift, and go to state 88


State 66

   44 expr: OBJECTID '=' . expr

    CONST_BOOL    shift, and go to state 36
    CONST_INT     shift, and go to state 37
    CONST_STRING  shift, and go to state 38
    CONST_FLOAT   shift, and go to state 39
    OBJECTID      shift, and go to state 40
    '('           shift, and go to state 42
    '-'           shift, and go to state 44
    '!'           shift, and go to state 45
    '~'           shift, and go to state 46

    expr  go to state 95
    call  go to state 56


State 67

   71 call: OBJECTID '(' . actuals ')'

    CONST_BOOL    shift, and go to state 36
    CONST_INT     shift, and go to state 37
    CONST_STRING  shift, and go to state 38
    CONST_FLOAT   shift, and go to state 39
    OBJECTID      shift, and go to state 40
    '('           shift, and go to state 42
    '-'           shift, and go to state 44
    '!'           shift, and go to state 45
    '~'           shift, and go to state 46

    $default  reduce using rule 72 (actuals)

    expr     go to state 96
    call     go to state 56
    actuals  go to state 97


State 68

   50 expr: '(' expr . ')'
   52     | expr . '+' expr
   53     | expr . '-' expr
   54     | expr . '*' expr
   55     | expr . '/' expr
   56     | expr . '%' expr
   58     | expr . '<' expr
   59     | expr . LE expr
   60     | expr . EQUAL expr
   61     | expr . NE expr
   62     | expr . GE expr
   63     | expr . '>' expr
   64     | expr . AND expr
   65     | expr . OR expr
   66     | expr . '^' expr
   69     | expr . '&' expr
   70     | expr . '|' expr

    AND    shift, and go to state 72
    OR     shift, and go to state 73
    EQUAL  shift, and go to state 74
    NE     shift, and go to state 75
    GE     shift, and go to state 76
    LE     shift, and go to state 77
    ')'    shift, and go to state 98
    '+'    shift, and go to state 79
    '-'    shift, and go to state 80
    '*'    shift, and go to state 81
    '/'    shift, and go to state 82
    '%'    shift, and go to state 83
    '<'    shift, and go to state 84
    '>'    shift, and go to state 85
    '^'    shift, and go to state 86
    '&'    shift, and go to state 87
    '|'    shift, and go to state 88


State 69

   52 expr: expr . '+' expr
   53     | expr . '-' expr
   54     | expr . '*' expr
   55     | expr . '/' expr
   56     | expr . '%' expr
   57     | '-' expr .
   58     | expr . '<' expr
   59     | expr . LE expr
   60     | expr . EQUAL expr
   61     | expr . NE expr
   62     | expr . GE expr
   63     | expr . '>' expr
   64     | expr . AND expr
   65     | expr . OR expr
   66     | expr . '^' expr
   69     | expr . '&' expr
   70     | expr . '|' expr

    AND    shift, and go to state 72
    OR     shift, and go to state 73
    EQUAL  shift, and go to state 74
    NE     shift, and go to state 75
    GE     shift, and go to state 76
    LE     shift, and go to state 77
    '+'    shift, and go to state 79
    '-'    shift, and go to state 80
    '*'    shift, and go to state 81
    '/'    shift, and go to state 82
    '%'    shift, and go to state 83
    '<'    shift, and go to state 84
    '>'    shift, and go to state 85
    '^'    shift, and go to state 86
    '&'    shift, and go to state 87
    '|'    shift, and go to state 88

    AND       [reduce using rule 57 (expr)]
    OR        [reduce using rule 57 (expr)]
    EQUAL     [reduce using rule 57 (expr)]
    NE        [reduce using rule 57 (expr)]
    GE        [reduce using rule 57 (expr)]
    LE        [reduce using rule 57 (expr)]
    '+'       [reduce using rule 57 (expr)]
    '-'       [reduce using rule 57 (expr)]
    '*'       [reduce using rule 57 (expr)]
    '/'       [reduce using rule 57 (expr)]
    '%'       [reduce using rule 57 (expr)]
    '<'       [reduce using rule 57 (expr)]
    '>'       [reduce using rule 57 (expr)]
    '^'       [reduce using rule 57 (expr)]
    '&'       [reduce using rule 57 (expr)]
    '|'       [reduce using rule 57 (expr)]
    $default  reduce using rule 57 (expr)


State 70

   52 expr: expr . '+' expr
   53     | expr . '-' expr
   54     | expr . '*' expr
   55     | expr . '/' expr
   56     | expr . '%' expr
   58     | expr . '<' expr
   59     | expr . LE expr
   60     | expr . EQUAL expr
   61     | expr . NE expr
   62     | expr . GE expr
   63     | expr . '>' expr
   64     | expr . AND expr
   65     | expr . OR expr
   66     | expr . '^' expr
   67     | '!' expr .
   69     | expr . '&' expr
   70     | expr . '|' expr

    AND    shift, and go to state 72
    OR     shift, and go to state 73
    EQUAL  shift, and go to state 74
    NE     shift, and go to state 75
    GE     shift, and go to state 76
    LE     shift, and go to state 77
    '+'    shift, and go to state 79
    '-'    shift, and go to state 80
    '*'    shift, and go to state 81
    '/'    shift, and go to state 82
    '%'    shift, and go to state 83
    '<'    shift, and go to state 84
    '>'    shift, and go to state 85
    '^'    shift, and go to state 86
    '&'    shift, and go to state 87
    '|'    shift, and go to state 88

    AND       [reduce using rule 67 (expr)]
    OR        [reduce using rule 67 (expr)]
    EQUAL     [reduce using rule 67 (expr)]
    NE        [reduce using rule 67 (expr)]
    GE        [reduce using rule 67 (expr)]
    LE        [reduce using rule 67 (expr)]
    '+'       [reduce using rule 67 (expr)]
    '-'       [reduce using rule 67 (expr)]
    '*'       [reduce using rule 67 (expr)]
    '/'       [reduce using rule 67 (expr)]
    '%'       [reduce using rule 67 (expr)]
    '<'       [reduce using rule 67 (expr)]
    '>'       [reduce using rule 67 (expr)]
    '^'       [reduce using rule 67 (expr)]
    '&'       [reduce using rule 67 (expr)]
    '|'       [reduce using rule 67 (expr)]
    $default  reduce using rule 67 (expr)


State 71

   52 expr: expr . '+' expr
   53     | expr . '-' expr
   54     | expr . '*' expr
   55     | expr . '/' expr
   56     | expr . '%' expr
   58     | expr . '<' expr
   59     | expr . LE expr
   60     | expr . EQUAL expr
   61     | expr . NE expr
   62     | expr . GE expr
   63     | expr . '>' expr
   64     | expr . AND expr
   65     | expr . OR expr
   66     | expr . '^' expr
   68     | '~' expr .
   69     | expr . '&' expr
   70     | expr . '|' expr

    AND    shift, and go to state 72
    OR     shift, and go to state 73
    EQUAL  shift, and go to state 74
    NE     shift, and go to state 75
    GE     shift, and go to state 76
    LE     shift, and go to state 77
    '+'    shift, and go to state 79
    '-'    shift, and go to state 80
    '*'    shift, and go to state 81
    '/'    shift, and go to state 82
    '%'    shift, and go to state 83
    '<'    shift, and go to state 84
    '>'    shift, and go to state 85
    '^'    shift, and go to state 86
    '&'    shift, and go to state 87
    '|'    shift, and go to state 88

    AND       [reduce using rule 68 (expr)]
    OR        [reduce using rule 68 (expr)]
    EQUAL     [reduce using rule 68 (expr)]
    NE        [reduce using rule 68 (expr)]
    GE        [reduce using rule 68 (expr)]
    LE        [reduce using rule 68 (expr)]
    '+'       [reduce using rule 68 (expr)]
    '-'       [reduce using rule 68 (expr)]
    '*'       [reduce using rule 68 (expr)]
    '/'       [reduce using rule 68 (expr)]
    '%'       [reduce using rule 68 (expr)]
    '<'       [reduce using rule 68 (expr)]
    '>'       [reduce using rule 68 (expr)]
    '^'       [reduce using rule 68 (expr)]
    '&'       [reduce using rule 68 (expr)]
    '|'       [reduce using rule 68 (expr)]
    $default  reduce using rule 68 (expr)


State 72

   64 expr: expr AND . expr

    CONST_BOOL    shift, and go to state 36
    CONST_INT     shift, and go to state 37
    CONST_STRING  shift, and go to state 38
    CONST_FLOAT   shift, and go to state 39
    OBJECTID      shift, and go to state 40
    '('           shift, and go to state 42
    '-'           shift, and go to state 44
    '!'           shift, and go to state 45
    '~'           shift, and go to state 46

    expr  go to state 99
    call  go to state 56


State 73

   65 expr: expr OR . expr

    CONST_BOOL    shift, and go to state 36
    CONST_INT     shift, and go to state 37
    CONST_STRING  shift, and go to state 38
    CONST_FLOAT   shift, and go to state 39
    OBJECTID      shift, and go to state 40
    '('           shift, and go to state 42
    '-'           shift, and go to state 44
    '!'           shift, and go to state 45
    '~'           shift, and go to state 46

    expr  go to state 100
    call  go to state 56


State 74

   60 expr: expr EQUAL . expr

    CONST_BOOL    shift, and go to state 36
    CONST_INT     shift, and go to state 37
    CONST_STRING  shift, and go to state 38
    CONST_FLOAT   shift, and go to state 39
    OBJECTID      shift, and go to state 40
    '('           shift, and go to state 42
    '-'           shift, and go to state 44
    '!'           shift, and go to state 45
    '~'           shift, and go to state 46

    expr  go to state 101
    call  go to state 56


State 75

   61 expr: expr NE . expr

    CONST_BOOL    shift, and go to state 36
    CONST_INT     shift, and go to state 37
    CONST_STRING  shift, and go to state 38
    CONST_FLOAT   shift, and go to state 39
    OBJECTID      shift, and go to state 40
    '('           shift, and go to state 42
    '-'           shift, and go to state 44
    '!'           shift, and go to state 45
    '~'           shift, and go to state 46

    expr  go to state 102
    call  go to state 56


State 76

   62 expr: expr GE . expr

    CONST_BOOL    shift, and go to state 36
    CONST_INT     shift, and go to state 37
    CONST_STRING  shift, and go to state 38
    CONST_FLOAT   shift, and go to state 39
    OBJECTID      shift, and go to state 40
    '('           shift, and go to state 42
    '-'           shift, and go to state 44
    '!'           shift, and go to state 45
    '~'           shift, and go to state 46

    expr  go to state 103
    call  go to state 56


State 77

   59 expr: expr LE . expr

    CONST_BOOL    shift, and go to state 36
    CONST_INT     shift, and go to state 37
    CONST_STRING  shift, and go to state 38
    CONST_FLOAT   shift, and go to state 39
    OBJECTID      shift, and go to state 40
    '('           shift, and go to state 42
    '-'           shift, and go to state 44
    '!'           shift, and go to state 45
    '~'           shift, and go to state 46

    expr  go to state 104
    call  go to state 56


State 78

   21 stmt: expr ';' .

    $default  reduce using rule 21 (stmt)


State 79

   52 expr: expr '+' . expr

    CONST_BOOL    shift, and go to state 36
    CONST_INT     shift, and go to state 37
    CONST_STRING  shift, and go to state 38
    CONST_FLOAT   shift, and go to state 39
    OBJECTID      shift, and go to state 40
    '('           shift, and go to state 42
    '-'           shift, and go to state 44
    '!'           shift, and go to state 45
    '~'           shift, and go to state 46

    expr  go to state 105
    call  go to state 56


State 80

   53 expr: expr '-' . expr

    CONST_BOOL    shift, and go to state 36
    CONST_INT     shift, and go to state 37
    CONST_STRING  shift, and go to state 38
    CONST_FLOAT   shift, and go to state 39
    OBJECTID      shift, and go to state 40
    '('           shift, and go to state 42
    '-'           shift, and go to state 44
    '!'           shift, and go to state 45
    '~'           shift, and go to state 46

    expr  go to state 106
    call  go to state 56


State 81

   54 expr: expr '*' . expr

    CONST_BOOL    shift, and go to state 36
    CONST_INT     shift, and go to state 37
    CONST_STRING  shift, and go to state 38
    CONST_FLOAT   shift, and go to state 39
    OBJECTID      shift, and go to state 40
    '('           shift, and go to state 42
    '-'           shift, and go to state 44
    '!'           shift, and go to state 45
    '~'           shift, and go to state 46

    expr  go to state 107
    call  go to state 56


State 82

   55 expr: expr '/' . expr

    CONST_BOOL    shift, and go to state 36
    CONST_INT     shift, and go to state 37
    CONST_STRING  shift, and go to state 38
    CONST_FLOAT   shift, and go to state 39
    OBJECTID      shift, and go to state 40
    '('           shift, and go to state 42
    '-'           shift, and go to state 44
    '!'           shift, and go to state 45
    '~'           shift, and go to state 46

    expr  go to state 108
    call  go to state 56


State 83

   56 expr: expr '%' . expr

    CONST_BOOL    shift, and go to state 36
    CONST_INT     shift, and go to state 37
    CONST_STRING  shift, and go to state 38
    CONST_FLOAT   shift, and go to state 39
    OBJECTID      shift, and go to state 40
    '('           shift, and go to state 42
    '-'           shift, and go to state 44
    '!'           shift, and go to state 45
    '~'           shift, and go to state 46

    expr  go to state 109
    call  go to state 56


State 84

   58 expr: expr '<' . expr

    CONST_BOOL    shift, and go to state 36
    CONST_INT     shift, and go to state 37
    CONST_STRING  shift, and go to state 38
    CONST_FLOAT   shift, and go to state 39
    OBJECTID      shift, and go to state 40
    '('           shift, and go to state 42
    '-'           shift, and go to state 44
    '!'           shift, and go to state 45
    '~'           shift, and go to state 46

    expr  go to state 110
    call  go to state 56


State 85

   63 expr: expr '>' . expr

    CONST_BOOL    shift, and go to state 36
    CONST_INT     shift, and go to state 37
    CONST_STRING  shift, and go to state 38
    CONST_FLOAT   shift, and go to state 39
    OBJECTID      shift, and go to state 40
    '('           shift, and go to state 42
    '-'           shift, and go to state 44
    '!'           shift, and go to state 45
    '~'           shift, and go to state 46

    expr  go to state 111
    call  go to state 56


State 86

   66 expr: expr '^' . expr

    CONST_BOOL    shift, and go to state 36
    CONST_INT     shift, and go to state 37
    CONST_STRING  shift, and go to state 38
    CONST_FLOAT   shift, and go to state 39
    OBJECTID      shift, and go to state 40
    '('           shift, and go to state 42
    '-'           shift, and go to state 44
    '!'           shift, and go to state 45
    '~'           shift, and go to state 46

    expr  go to state 112
    call  go to state 56


State 87

   69 expr: expr '&' . expr

    CONST_BOOL    shift, and go to state 36
    CONST_INT     shift, and go to state 37
    CONST_STRING  shift, and go to state 38
    CONST_FLOAT   shift, and go to state 39
    OBJECTID      shift, and go to state 40
    '('           shift, and go to state 42
    '-'           shift, and go to state 44
    '!'           shift, and go to state 45
    '~'           shift, and go to state 46

    expr  go to state 113
    call  go to state 56


State 88

   70 expr: expr '|' . expr

    CONST_BOOL    shift, and go to state 36
    CONST_INT     shift, and go to state 37
    CONST_STRING  shift, and go to state 38
    CONST_FLOAT   shift, and go to state 39
    OBJECTID      shift, and go to state 40
    '('           shift, and go to state 42
    '-'           shift, and go to state 44
    '!'           shift, and go to state 45
    '~'           shift, and go to state 46

    expr  go to state 114
    call  go to state 56


State 89

   29 ifStmt: IF expr stmtBlock .
   30       | IF expr stmtBlock . ELSE stmtBlock

    ELSE  shift, and go to state 115

    $default  reduce using rule 29 (ifStmt)


State 90

   31 whileStmt: WHILE expr stmtBlock .

    $default  reduce using rule 31 (whileStmt)


State 91

   36 forStmt: FOR ';' ';' . expr stmtBlock
   39        | FOR ';' ';' . stmtBlock

    CONST_BOOL    shift, and go to state 36
    CONST_INT     shift, and go to state 37
    CONST_STRING  shift, and go to state 38
    CONST_FLOAT   shift, and go to state 39
    OBJECTID      shift, and go to state 40
    '('           shift, and go to state 42
    '{'           shift, and go to state 22
    '-'           shift, and go to state 44
    '!'           shift, and go to state 45
    '~'           shift, and go to state 46

    stmtBlock  go to state 116
    expr       go to state 117
    call       go to state 56


State 92

   35 forStmt: FOR ';' expr . ';' expr stmtBlock
   37        | FOR ';' expr . ';' stmtBlock
   52 expr: expr . '+' expr
   53     | expr . '-' expr
   54     | expr . '*' expr
   55     | expr . '/' expr
   56     | expr . '%' expr
   58     | expr . '<' expr
   59     | expr . LE expr
   60     | expr . EQUAL expr
   61     | expr . NE expr
   62     | expr . GE expr
   63     | expr . '>' expr
   64     | expr . AND expr
   65     | expr . OR expr
   66     | expr . '^' expr
   69     | expr . '&' expr
   70     | expr . '|' expr

    AND    shift, and go to state 72
    OR     shift, and go to state 73
    EQUAL  shift, and go to state 74
    NE     shift, and go to state 75
    GE     shift, and go to state 76
    LE     shift, and go to state 77
    ';'    shift, and go to state 118
    '+'    shift, and go to state 79
    '-'    shift, and go to state 80
    '*'    shift, and go to state 81
    '/'    shift, and go to state 82
    '%'    shift, and go to state 83
    '<'    shift, and go to state 84
    '>'    shift, and go to state 85
    '^'    shift, and go to state 86
    '&'    shift, and go to state 87
    '|'    shift, and go to state 88


State 93

   32 forStmt: FOR expr ';' . expr ';' expr stmtBlock
   33        | FOR expr ';' . expr ';' stmtBlock
   34        | FOR expr ';' . ';' expr stmtBlock
   38        | FOR expr ';' . ';' stmtBlock

    CONST_BOOL    shift, and go to state 36
    CONST_INT     shift, and go to state 37
    CONST_STRING  shift, and go to state 38
    CONST_FLOAT   shift, and go to state 39
    OBJECTID      shift, and go to state 40
    ';'           shift, and go to state 119
    '('           shift, and go to state 42
    '-'           shift, and go to state 44
    '!'           shift, and go to state 45
    '~'           shift, and go to state 46

    expr  go to state 120
    call  go to state 56


State 94

   40 returnStmt: RETURN expr ';' .

    $default  reduce using rule 40 (returnStmt)


State 95

   44 expr: OBJECTID '=' expr .
   52     | expr . '+' expr
   53     | expr . '-' expr
   54     | expr . '*' expr
   55     | expr . '/' expr
   56     | expr . '%' expr
   58     | expr . '<' expr
   59     | expr . LE expr
   60     | expr . EQUAL expr
   61     | expr . NE expr
   62     | expr . GE expr
   63     | expr . '>' expr
   64     | expr . AND expr
   65     | expr . OR expr
   66     | expr . '^' expr
   69     | expr . '&' expr
   70     | expr . '|' expr

    AND    shift, and go to state 72
    OR     shift, and go to state 73
    EQUAL  shift, and go to state 74
    NE     shift, and go to state 75
    GE     shift, and go to state 76
    LE     shift, and go to state 77
    '+'    shift, and go to state 79
    '-'    shift, and go to state 80
    '*'    shift, and go to state 81
    '/'    shift, and go to state 82
    '%'    shift, and go to state 83
    '<'    shift, and go to state 84
    '>'    shift, and go to state 85
    '^'    shift, and go to state 86
    '&'    shift, and go to state 87
    '|'    shift, and go to state 88

    AND       [reduce using rule 44 (expr)]
    OR        [reduce using rule 44 (expr)]
    EQUAL     [reduce using rule 44 (expr)]
    NE        [reduce using rule 44 (expr)]
    GE        [reduce using rule 44 (expr)]
    LE        [reduce using rule 44 (expr)]
    '+'       [reduce using rule 44 (expr)]
    '-'       [reduce using rule 44 (expr)]
    '*'       [reduce using rule 44 (expr)]
    '/'       [reduce using rule 44 (expr)]
    '%'       [reduce using rule 44 (expr)]
    '<'       [reduce using rule 44 (expr)]
    '>'       [reduce using rule 44 (expr)]
    '^'       [reduce using rule 44 (expr)]
    '&'       [reduce using rule 44 (expr)]
    '|'       [reduce using rule 44 (expr)]
    $default  reduce using rule 44 (expr)


State 96

   52 expr: expr . '+' expr
   53     | expr . '-' expr
   54     | expr . '*' expr
   55     | expr . '/' expr
   56     | expr . '%' expr
   58     | expr . '<' expr
   59     | expr . LE expr
   60     | expr . EQUAL expr
   61     | expr . NE expr
   62     | expr . GE expr
   63     | expr . '>' expr
   64     | expr . AND expr
   65     | expr . OR expr
   66     | expr . '^' expr
   69     | expr . '&' expr
   70     | expr . '|' expr
   73 actuals: expr .

    AND    shift, and go to state 72
    OR     shift, and go to state 73
    EQUAL  shift, and go to state 74
    NE     shift, and go to state 75
    GE     shift, and go to state 76
    LE     shift, and go to state 77
    '+'    shift, and go to state 79
    '-'    shift, and go to state 80
    '*'    shift, and go to state 81
    '/'    shift, and go to state 82
    '%'    shift, and go to state 83
    '<'    shift, and go to state 84
    '>'    shift, and go to state 85
    '^'    shift, and go to state 86
    '&'    shift, and go to state 87
    '|'    shift, and go to state 88

    $default  reduce using rule 73 (actuals)


State 97

   71 call: OBJECTID '(' actuals . ')'
   74 actuals: actuals . ',' expr

    ')'  shift, and go to state 121
    ','  shift, and go to state 122


State 98

   50 expr: '(' expr ')' .

    $default  reduce using rule 50 (expr)


State 99

   52 expr: expr . '+' expr
   53     | expr . '-' expr
   54     | expr . '*' expr
   55     | expr . '/' expr
   56     | expr . '%' expr
   58     | expr . '<' expr
   59     | expr . LE expr
   60     | expr . EQUAL expr
   61     | expr . NE expr
   62     | expr . GE expr
   63     | expr . '>' expr
   64     | expr . AND expr
   64     | expr AND expr .
   65     | expr . OR expr
   66     | expr . '^' expr
   69     | expr . '&' expr
   70     | expr . '|' expr

    AND    shift, and go to state 72
    OR     shift, and go to state 73
    EQUAL  shift, and go to state 74
    NE     shift, and go to state 75
    GE     shift, and go to state 76
    LE     shift, and go to state 77
    '+'    shift, and go to state 79
    '-'    shift, and go to state 80
    '*'    shift, and go to state 81
    '/'    shift, and go to state 82
    '%'    shift, and go to state 83
    '<'    shift, and go to state 84
    '>'    shift, and go to state 85
    '^'    shift, and go to state 86
    '&'    shift, and go to state 87
    '|'    shift, and go to state 88

    AND       [reduce using rule 64 (expr)]
    OR        [reduce using rule 64 (expr)]
    EQUAL     [reduce using rule 64 (expr)]
    NE        [reduce using rule 64 (expr)]
    GE        [reduce using rule 64 (expr)]
    LE        [reduce using rule 64 (expr)]
    '+'       [reduce using rule 64 (expr)]
    '-'       [reduce using rule 64 (expr)]
    '*'       [reduce using rule 64 (expr)]
    '/'       [reduce using rule 64 (expr)]
    '%'       [reduce using rule 64 (expr)]
    '<'       [reduce using rule 64 (expr)]
    '>'       [reduce using rule 64 (expr)]
    '^'       [reduce using rule 64 (expr)]
    '&'       [reduce using rule 64 (expr)]
    '|'       [reduce using rule 64 (expr)]
    $default  reduce using rule 64 (expr)


State 100

   52 expr: expr . '+' expr
   53     | expr . '-' expr
   54     | expr . '*' expr
   55     | expr . '/' expr
   56     | expr . '%' expr
   58     | expr . '<' expr
   59     | expr . LE expr
   60     | expr . EQUAL expr
   61     | expr . NE expr
   62     | expr . GE expr
   63     | expr . '>' expr
   64     | expr . AND expr
   65     | expr . OR expr
   65     | expr OR expr .
   66     | expr . '^' expr
   69     | expr . '&' expr
   70     | expr . '|' expr

    AND    shift, and go to state 72
    OR     shift, and go to state 73
    EQUAL  shift, and go to state 74
    NE     shift, and go to state 75
    GE     shift, and go to state 76
    LE     shift, and go to state 77
    '+'    shift, and go to state 79
    '-'    shift, and go to state 80
    '*'    shift, and go to state 81
    '/'    shift, and go to state 82
    '%'    shift, and go to state 83
    '<'    shift, and go to state 84
    '>'    shift, and go to state 85
    '^'    shift, and go to state 86
    '&'    shift, and go to state 87
    '|'    shift, and go to state 88

    AND       [reduce using rule 65 (expr)]
    OR        [reduce using rule 65 (expr)]
    EQUAL     [reduce using rule 65 (expr)]
    NE        [reduce using rule 65 (expr)]
    GE        [reduce using rule 65 (expr)]
    LE        [reduce using rule 65 (expr)]
    '+'       [reduce using rule 65 (expr)]
    '-'       [reduce using rule 65 (expr)]
    '*'       [reduce using rule 65 (expr)]
    '/'       [reduce using rule 65 (expr)]
    '%'       [reduce using rule 65 (expr)]
    '<'       [reduce using rule 65 (expr)]
    '>'       [reduce using rule 65 (expr)]
    '^'       [reduce using rule 65 (expr)]
    '&'       [reduce using rule 65 (expr)]
    '|'       [reduce using rule 65 (expr)]
    $default  reduce using rule 65 (expr)


State 101

   52 expr: expr . '+' expr
   53     | expr . '-' expr
   54     | expr . '*' expr
   55     | expr . '/' expr
   56     | expr . '%' expr
   58     | expr . '<' expr
   59     | expr . LE expr
   60     | expr . EQUAL expr
   60     | expr EQUAL expr .
   61     | expr . NE expr
   62     | expr . GE expr
   63     | expr . '>' expr
   64     | expr . AND expr
   65     | expr . OR expr
   66     | expr . '^' expr
   69     | expr . '&' expr
   70     | expr . '|' expr

    AND    shift, and go to state 72
    OR     shift, and go to state 73
    EQUAL  shift, and go to state 74
    NE     shift, and go to state 75
    GE     shift, and go to state 76
    LE     shift, and go to state 77
    '+'    shift, and go to state 79
    '-'    shift, and go to state 80
    '*'    shift, and go to state 81
    '/'    shift, and go to state 82
    '%'    shift, and go to state 83
    '<'    shift, and go to state 84
    '>'    shift, and go to state 85
    '^'    shift, and go to state 86
    '&'    shift, and go to state 87
    '|'    shift, and go to state 88

    AND       [reduce using rule 60 (expr)]
    OR        [reduce using rule 60 (expr)]
    EQUAL     [reduce using rule 60 (expr)]
    NE        [reduce using rule 60 (expr)]
    GE        [reduce using rule 60 (expr)]
    LE        [reduce using rule 60 (expr)]
    '+'       [reduce using rule 60 (expr)]
    '-'       [reduce using rule 60 (expr)]
    '*'       [reduce using rule 60 (expr)]
    '/'       [reduce using rule 60 (expr)]
    '%'       [reduce using rule 60 (expr)]
    '<'       [reduce using rule 60 (expr)]
    '>'       [reduce using rule 60 (expr)]
    '^'       [reduce using rule 60 (expr)]
    '&'       [reduce using rule 60 (expr)]
    '|'       [reduce using rule 60 (expr)]
    $default  reduce using rule 60 (expr)


State 102

   52 expr: expr . '+' expr
   53     | expr . '-' expr
   54     | expr . '*' expr
   55     | expr . '/' expr
   56     | expr . '%' expr
   58     | expr . '<' expr
   59     | expr . LE expr
   60     | expr . EQUAL expr
   61     | expr . NE expr
   61     | expr NE expr .
   62     | expr . GE expr
   63     | expr . '>' expr
   64     | expr . AND expr
   65     | expr . OR expr
   66     | expr . '^' expr
   69     | expr . '&' expr
   70     | expr . '|' expr

    AND    shift, and go to state 72
    OR     shift, and go to state 73
    EQUAL  shift, and go to state 74
    NE     shift, and go to state 75
    GE     shift, and go to state 76
    LE     shift, and go to state 77
    '+'    shift, and go to state 79
    '-'    shift, and go to state 80
    '*'    shift, and go to state 81
    '/'    shift, and go to state 82
    '%'    shift, and go to state 83
    '<'    shift, and go to state 84
    '>'    shift, and go to state 85
    '^'    shift, and go to state 86
    '&'    shift, and go to state 87
    '|'    shift, and go to state 88

    AND       [reduce using rule 61 (expr)]
    OR        [reduce using rule 61 (expr)]
    EQUAL     [reduce using rule 61 (expr)]
    NE        [reduce using rule 61 (expr)]
    GE        [reduce using rule 61 (expr)]
    LE        [reduce using rule 61 (expr)]
    '+'       [reduce using rule 61 (expr)]
    '-'       [reduce using rule 61 (expr)]
    '*'       [reduce using rule 61 (expr)]
    '/'       [reduce using rule 61 (expr)]
    '%'       [reduce using rule 61 (expr)]
    '<'       [reduce using rule 61 (expr)]
    '>'       [reduce using rule 61 (expr)]
    '^'       [reduce using rule 61 (expr)]
    '&'       [reduce using rule 61 (expr)]
    '|'       [reduce using rule 61 (expr)]
    $default  reduce using rule 61 (expr)


State 103

   52 expr: expr . '+' expr
   53     | expr . '-' expr
   54     | expr . '*' expr
   55     | expr . '/' expr
   56     | expr . '%' expr
   58     | expr . '<' expr
   59     | expr . LE expr
   60     | expr . EQUAL expr
   61     | expr . NE expr
   62     | expr . GE expr
   62     | expr GE expr .
   63     | expr . '>' expr
   64     | expr . AND expr
   65     | expr . OR expr
   66     | expr . '^' expr
   69     | expr . '&' expr
   70     | expr . '|' expr

    AND    shift, and go to state 72
    OR     shift, and go to state 73
    EQUAL  shift, and go to state 74
    NE     shift, and go to state 75
    GE     shift, and go to state 76
    LE     shift, and go to state 77
    '+'    shift, and go to state 79
    '-'    shift, and go to state 80
    '*'    shift, and go to state 81
    '/'    shift, and go to state 82
    '%'    shift, and go to state 83
    '<'    shift, and go to state 84
    '>'    shift, and go to state 85
    '^'    shift, and go to state 86
    '&'    shift, and go to state 87
    '|'    shift, and go to state 88

    AND       [reduce using rule 62 (expr)]
    OR        [reduce using rule 62 (expr)]
    EQUAL     [reduce using rule 62 (expr)]
    NE        [reduce using rule 62 (expr)]
    GE        [reduce using rule 62 (expr)]
    LE        [reduce using rule 62 (expr)]
    '+'       [reduce using rule 62 (expr)]
    '-'       [reduce using rule 62 (expr)]
    '*'       [reduce using rule 62 (expr)]
    '/'       [reduce using rule 62 (expr)]
    '%'       [reduce using rule 62 (expr)]
    '<'       [reduce using rule 62 (expr)]
    '>'       [reduce using rule 62 (expr)]
    '^'       [reduce using rule 62 (expr)]
    '&'       [reduce using rule 62 (expr)]
    '|'       [reduce using rule 62 (expr)]
    $default  reduce using rule 62 (expr)


State 104

   52 expr: expr . '+' expr
   53     | expr . '-' expr
   54     | expr . '*' expr
   55     | expr . '/' expr
   56     | expr . '%' expr
   58     | expr . '<' expr
   59     | expr . LE expr
   59     | expr LE expr .
   60     | expr . EQUAL expr
   61     | expr . NE expr
   62     | expr . GE expr
   63     | expr . '>' expr
   64     | expr . AND expr
   65     | expr . OR expr
   66     | expr . '^' expr
   69     | expr . '&' expr
   70     | expr . '|' expr

    AND    shift, and go to state 72
    OR     shift, and go to state 73
    EQUAL  shift, and go to state 74
    NE     shift, and go to state 75
    GE     shift, and go to state 76
    LE     shift, and go to state 77
    '+'    shift, and go to state 79
    '-'    shift, and go to state 80
    '*'    shift, and go to state 81
    '/'    shift, and go to state 82
    '%'    shift, and go to state 83
    '<'    shift, and go to state 84
    '>'    shift, and go to state 85
    '^'    shift, and go to state 86
    '&'    shift, and go to state 87
    '|'    shift, and go to state 88

    AND       [reduce using rule 59 (expr)]
    OR        [reduce using rule 59 (expr)]
    EQUAL     [reduce using rule 59 (expr)]
    NE        [reduce using rule 59 (expr)]
    GE        [reduce using rule 59 (expr)]
    LE        [reduce using rule 59 (expr)]
    '+'       [reduce using rule 59 (expr)]
    '-'       [reduce using rule 59 (expr)]
    '*'       [reduce using rule 59 (expr)]
    '/'       [reduce using rule 59 (expr)]
    '%'       [reduce using rule 59 (expr)]
    '<'       [reduce using rule 59 (expr)]
    '>'       [reduce using rule 59 (expr)]
    '^'       [reduce using rule 59 (expr)]
    '&'       [reduce using rule 59 (expr)]
    '|'       [reduce using rule 59 (expr)]
    $default  reduce using rule 59 (expr)


State 105

   52 expr: expr . '+' expr
   52     | expr '+' expr .
   53     | expr . '-' expr
   54     | expr . '*' expr
   55     | expr . '/' expr
   56     | expr . '%' expr
   58     | expr . '<' expr
   59     | expr . LE expr
   60     | expr . EQUAL expr
   61     | expr . NE expr
   62     | expr . GE expr
   63     | expr . '>' expr
   64     | expr . AND expr
   65     | expr . OR expr
   66     | expr . '^' expr
   69     | expr . '&' expr
   70     | expr . '|' expr

    AND    shift, and go to state 72
    OR     shift, and go to state 73
    EQUAL  shift, and go to state 74
    NE     shift, and go to state 75
    GE     shift, and go to state 76
    LE     shift, and go to state 77
    '+'    shift, and go to state 79
    '-'    shift, and go to state 80
    '*'    shift, and go to state 81
    '/'    shift, and go to state 82
    '%'    shift, and go to state 83
    '<'    shift, and go to state 84
    '>'    shift, and go to state 85
    '^'    shift, and go to state 86
    '&'    shift, and go to state 87
    '|'    shift, and go to state 88

    AND       [reduce using rule 52 (expr)]
    OR        [reduce using rule 52 (expr)]
    EQUAL     [reduce using rule 52 (expr)]
    NE        [reduce using rule 52 (expr)]
    GE        [reduce using rule 52 (expr)]
    LE        [reduce using rule 52 (expr)]
    '+'       [reduce using rule 52 (expr)]
    '-'       [reduce using rule 52 (expr)]
    '*'       [reduce using rule 52 (expr)]
    '/'       [reduce using rule 52 (expr)]
    '%'       [reduce using rule 52 (expr)]
    '<'       [reduce using rule 52 (expr)]
    '>'       [reduce using rule 52 (expr)]
    '^'       [reduce using rule 52 (expr)]
    '&'       [reduce using rule 52 (expr)]
    '|'       [reduce using rule 52 (expr)]
    $default  reduce using rule 52 (expr)


State 106

   52 expr: expr . '+' expr
   53     | expr . '-' expr
   53     | expr '-' expr .
   54     | expr . '*' expr
   55     | expr . '/' expr
   56     | expr . '%' expr
   58     | expr . '<' expr
   59     | expr . LE expr
   60     | expr . EQUAL expr
   61     | expr . NE expr
   62     | expr . GE expr
   63     | expr . '>' expr
   64     | expr . AND expr
   65     | expr . OR expr
   66     | expr . '^' expr
   69     | expr . '&' expr
   70     | expr . '|' expr

    AND    shift, and go to state 72
    OR     shift, and go to state 73
    EQUAL  shift, and go to state 74
    NE     shift, and go to state 75
    GE     shift, and go to state 76
    LE     shift, and go to state 77
    '+'    shift, and go to state 79
    '-'    shift, and go to state 80
    '*'    shift, and go to state 81
    '/'    shift, and go to state 82
    '%'    shift, and go to state 83
    '<'    shift, and go to state 84
    '>'    shift, and go to state 85
    '^'    shift, and go to state 86
    '&'    shift, and go to state 87
    '|'    shift, and go to state 88

    AND       [reduce using rule 53 (expr)]
    OR        [reduce using rule 53 (expr)]
    EQUAL     [reduce using rule 53 (expr)]
    NE        [reduce using rule 53 (expr)]
    GE        [reduce using rule 53 (expr)]
    LE        [reduce using rule 53 (expr)]
    '+'       [reduce using rule 53 (expr)]
    '-'       [reduce using rule 53 (expr)]
    '*'       [reduce using rule 53 (expr)]
    '/'       [reduce using rule 53 (expr)]
    '%'       [reduce using rule 53 (expr)]
    '<'       [reduce using rule 53 (expr)]
    '>'       [reduce using rule 53 (expr)]
    '^'       [reduce using rule 53 (expr)]
    '&'       [reduce using rule 53 (expr)]
    '|'       [reduce using rule 53 (expr)]
    $default  reduce using rule 53 (expr)


State 107

   52 expr: expr . '+' expr
   53     | expr . '-' expr
   54     | expr . '*' expr
   54     | expr '*' expr .
   55     | expr . '/' expr
   56     | expr . '%' expr
   58     | expr . '<' expr
   59     | expr . LE expr
   60     | expr . EQUAL expr
   61     | expr . NE expr
   62     | expr . GE expr
   63     | expr . '>' expr
   64     | expr . AND expr
   65     | expr . OR expr
   66     | expr . '^' expr
   69     | expr . '&' expr
   70     | expr . '|' expr

    AND    shift, and go to state 72
    OR     shift, and go to state 73
    EQUAL  shift, and go to state 74
    NE     shift, and go to state 75
    GE     shift, and go to state 76
    LE     shift, and go to state 77
    '+'    shift, and go to state 79
    '-'    shift, and go to state 80
    '*'    shift, and go to state 81
    '/'    shift, and go to state 82
    '%'    shift, and go to state 83
    '<'    shift, and go to state 84
    '>'    shift, and go to state 85
    '^'    shift, and go to state 86
    '&'    shift, and go to state 87
    '|'    shift, and go to state 88

    AND       [reduce using rule 54 (expr)]
    OR        [reduce using rule 54 (expr)]
    EQUAL     [reduce using rule 54 (expr)]
    NE        [reduce using rule 54 (expr)]
    GE        [reduce using rule 54 (expr)]
    LE        [reduce using rule 54 (expr)]
    '+'       [reduce using rule 54 (expr)]
    '-'       [reduce using rule 54 (expr)]
    '*'       [reduce using rule 54 (expr)]
    '/'       [reduce using rule 54 (expr)]
    '%'       [reduce using rule 54 (expr)]
    '<'       [reduce using rule 54 (expr)]
    '>'       [reduce using rule 54 (expr)]
    '^'       [reduce using rule 54 (expr)]
    '&'       [reduce using rule 54 (expr)]
    '|'       [reduce using rule 54 (expr)]
    $default  reduce using rule 54 (expr)


State 108

   52 expr: expr . '+' expr
   53     | expr . '-' expr
   54     | expr . '*' expr
   55     | expr . '/' expr
   55     | expr '/' expr .
   56     | expr . '%' expr
   58     | expr . '<' expr
   59     | expr . LE expr
   60     | expr . EQUAL expr
   61     | expr . NE expr
   62     | expr . GE expr
   63     | expr . '>' expr
   64     | expr . AND expr
   65     | expr . OR expr
   66     | expr . '^' expr
   69     | expr . '&' expr
   70     | expr . '|' expr

    AND    shift, and go to state 72
    OR     shift, and go to state 73
    EQUAL  shift, and go to state 74
    NE     shift, and go to state 75
    GE     shift, and go to state 76
    LE     shift, and go to state 77
    '+'    shift, and go to state 79
    '-'    shift, and go to state 80
    '*'    shift, and go to state 81
    '/'    shift, and go to state 82
    '%'    shift, and go to state 83
    '<'    shift, and go to state 84
    '>'    shift, and go to state 85
    '^'    shift, and go to state 86
    '&'    shift, and go to state 87
    '|'    shift, and go to state 88

    AND       [reduce using rule 55 (expr)]
    OR        [reduce using rule 55 (expr)]
    EQUAL     [reduce using rule 55 (expr)]
    NE        [reduce using rule 55 (expr)]
    GE        [reduce using rule 55 (expr)]
    LE        [reduce using rule 55 (expr)]
    '+'       [reduce using rule 55 (expr)]
    '-'       [reduce using rule 55 (expr)]
    '*'       [reduce using rule 55 (expr)]
    '/'       [reduce using rule 55 (expr)]
    '%'       [reduce using rule 55 (expr)]
    '<'       [reduce using rule 55 (expr)]
    '>'       [reduce using rule 55 (expr)]
    '^'       [reduce using rule 55 (expr)]
    '&'       [reduce using rule 55 (expr)]
    '|'       [reduce using rule 55 (expr)]
    $default  reduce using rule 55 (expr)


State 109

   52 expr: expr . '+' expr
   53     | expr . '-' expr
   54     | expr . '*' expr
   55     | expr . '/' expr
   56     | expr . '%' expr
   56     | expr '%' expr .
   58     | expr . '<' expr
   59     | expr . LE expr
   60     | expr . EQUAL expr
   61     | expr . NE expr
   62     | expr . GE expr
   63     | expr . '>' expr
   64     | expr . AND expr
   65     | expr . OR expr
   66     | expr . '^' expr
   69     | expr . '&' expr
   70     | expr . '|' expr

    AND    shift, and go to state 72
    OR     shift, and go to state 73
    EQUAL  shift, and go to state 74
    NE     shift, and go to state 75
    GE     shift, and go to state 76
    LE     shift, and go to state 77
    '+'    shift, and go to state 79
    '-'    shift, and go to state 80
    '*'    shift, and go to state 81
    '/'    shift, and go to state 82
    '%'    shift, and go to state 83
    '<'    shift, and go to state 84
    '>'    shift, and go to state 85
    '^'    shift, and go to state 86
    '&'    shift, and go to state 87
    '|'    shift, and go to state 88

    AND       [reduce using rule 56 (expr)]
    OR        [reduce using rule 56 (expr)]
    EQUAL     [reduce using rule 56 (expr)]
    NE        [reduce using rule 56 (expr)]
    GE        [reduce using rule 56 (expr)]
    LE        [reduce using rule 56 (expr)]
    '+'       [reduce using rule 56 (expr)]
    '-'       [reduce using rule 56 (expr)]
    '*'       [reduce using rule 56 (expr)]
    '/'       [reduce using rule 56 (expr)]
    '%'       [reduce using rule 56 (expr)]
    '<'       [reduce using rule 56 (expr)]
    '>'       [reduce using rule 56 (expr)]
    '^'       [reduce using rule 56 (expr)]
    '&'       [reduce using rule 56 (expr)]
    '|'       [reduce using rule 56 (expr)]
    $default  reduce using rule 56 (expr)


State 110

   52 expr: expr . '+' expr
   53     | expr . '-' expr
   54     | expr . '*' expr
   55     | expr . '/' expr
   56     | expr . '%' expr
   58     | expr . '<' expr
   58     | expr '<' expr .
   59     | expr . LE expr
   60     | expr . EQUAL expr
   61     | expr . NE expr
   62     | expr . GE expr
   63     | expr . '>' expr
   64     | expr . AND expr
   65     | expr . OR expr
   66     | expr . '^' expr
   69     | expr . '&' expr
   70     | expr . '|' expr

    AND    shift, and go to state 72
    OR     shift, and go to state 73
    EQUAL  shift, and go to state 74
    NE     shift, and go to state 75
    GE     shift, and go to state 76
    LE     shift, and go to state 77
    '+'    shift, and go to state 79
    '-'    shift, and go to state 80
    '*'    shift, and go to state 81
    '/'    shift, and go to state 82
    '%'    shift, and go to state 83
    '<'    shift, and go to state 84
    '>'    shift, and go to state 85
    '^'    shift, and go to state 86
    '&'    shift, and go to state 87
    '|'    shift, and go to state 88

    AND       [reduce using rule 58 (expr)]
    OR        [reduce using rule 58 (expr)]
    EQUAL     [reduce using rule 58 (expr)]
    NE        [reduce using rule 58 (expr)]
    GE        [reduce using rule 58 (expr)]
    LE        [reduce using rule 58 (expr)]
    '+'       [reduce using rule 58 (expr)]
    '-'       [reduce using rule 58 (expr)]
    '*'       [reduce using rule 58 (expr)]
    '/'       [reduce using rule 58 (expr)]
    '%'       [reduce using rule 58 (expr)]
    '<'       [reduce using rule 58 (expr)]
    '>'       [reduce using rule 58 (expr)]
    '^'       [reduce using rule 58 (expr)]
    '&'       [reduce using rule 58 (expr)]
    '|'       [reduce using rule 58 (expr)]
    $default  reduce using rule 58 (expr)


State 111

   52 expr: expr . '+' expr
   53     | expr . '-' expr
   54     | expr . '*' expr
   55     | expr . '/' expr
   56     | expr . '%' expr
   58     | expr . '<' expr
   59     | expr . LE expr
   60     | expr . EQUAL expr
   61     | expr . NE expr
   62     | expr . GE expr
   63     | expr . '>' expr
   63     | expr '>' expr .
   64     | expr . AND expr
   65     | expr . OR expr
   66     | expr . '^' expr
   69     | expr . '&' expr
   70     | expr . '|' expr

    AND    shift, and go to state 72
    OR     shift, and go to state 73
    EQUAL  shift, and go to state 74
    NE     shift, and go to state 75
    GE     shift, and go to state 76
    LE     shift, and go to state 77
    '+'    shift, and go to state 79
    '-'    shift, and go to state 80
    '*'    shift, and go to state 81
    '/'    shift, and go to state 82
    '%'    shift, and go to state 83
    '<'    shift, and go to state 84
    '>'    shift, and go to state 85
    '^'    shift, and go to state 86
    '&'    shift, and go to state 87
    '|'    shift, and go to state 88

    AND       [reduce using rule 63 (expr)]
    OR        [reduce using rule 63 (expr)]
    EQUAL     [reduce using rule 63 (expr)]
    NE        [reduce using rule 63 (expr)]
    GE        [reduce using rule 63 (expr)]
    LE        [reduce using rule 63 (expr)]
    '+'       [reduce using rule 63 (expr)]
    '-'       [reduce using rule 63 (expr)]
    '*'       [reduce using rule 63 (expr)]
    '/'       [reduce using rule 63 (expr)]
    '%'       [reduce using rule 63 (expr)]
    '<'       [reduce using rule 63 (expr)]
    '>'       [reduce using rule 63 (expr)]
    '^'       [reduce using rule 63 (expr)]
    '&'       [reduce using rule 63 (expr)]
    '|'       [reduce using rule 63 (expr)]
    $default  reduce using rule 63 (expr)


State 112

   52 expr: expr . '+' expr
   53     | expr . '-' expr
   54     | expr . '*' expr
   55     | expr . '/' expr
   56     | expr . '%' expr
   58     | expr . '<' expr
   59     | expr . LE expr
   60     | expr . EQUAL expr
   61     | expr . NE expr
   62     | expr . GE expr
   63     | expr . '>' expr
   64     | expr . AND expr
   65     | expr . OR expr
   66     | expr . '^' expr
   66     | expr '^' expr .
   69     | expr . '&' expr
   70     | expr . '|' expr

    AND    shift, and go to state 72
    OR     shift, and go to state 73
    EQUAL  shift, and go to state 74
    NE     shift, and go to state 75
    GE     shift, and go to state 76
    LE     shift, and go to state 77
    '+'    shift, and go to state 79
    '-'    shift, and go to state 80
    '*'    shift, and go to state 81
    '/'    shift, and go to state 82
    '%'    shift, and go to state 83
    '<'    shift, and go to state 84
    '>'    shift, and go to state 85
    '^'    shift, and go to state 86
    '&'    shift, and go to state 87
    '|'    shift, and go to state 88

    AND       [reduce using rule 66 (expr)]
    OR        [reduce using rule 66 (expr)]
    EQUAL     [reduce using rule 66 (expr)]
    NE        [reduce using rule 66 (expr)]
    GE        [reduce using rule 66 (expr)]
    LE        [reduce using rule 66 (expr)]
    '+'       [reduce using rule 66 (expr)]
    '-'       [reduce using rule 66 (expr)]
    '*'       [reduce using rule 66 (expr)]
    '/'       [reduce using rule 66 (expr)]
    '%'       [reduce using rule 66 (expr)]
    '<'       [reduce using rule 66 (expr)]
    '>'       [reduce using rule 66 (expr)]
    '^'       [reduce using rule 66 (expr)]
    '&'       [reduce using rule 66 (expr)]
    '|'       [reduce using rule 66 (expr)]
    $default  reduce using rule 66 (expr)


State 113

   52 expr: expr . '+' expr
   53     | expr . '-' expr
   54     | expr . '*' expr
   55     | expr . '/' expr
   56     | expr . '%' expr
   58     | expr . '<' expr
   59     | expr . LE expr
   60     | expr . EQUAL expr
   61     | expr . NE expr
   62     | expr . GE expr
   63     | expr . '>' expr
   64     | expr . AND expr
   65     | expr . OR expr
   66     | expr . '^' expr
   69     | expr . '&' expr
   69     | expr '&' expr .
   70     | expr . '|' expr

    AND    shift, and go to state 72
    OR     shift, and go to state 73
    EQUAL  shift, and go to state 74
    NE     shift, and go to state 75
    GE     shift, and go to state 76
    LE     shift, and go to state 77
    '+'    shift, and go to state 79
    '-'    shift, and go to state 80
    '*'    shift, and go to state 81
    '/'    shift, and go to state 82
    '%'    shift, and go to state 83
    '<'    shift, and go to state 84
    '>'    shift, and go to state 85
    '^'    shift, and go to state 86
    '&'    shift, and go to state 87
    '|'    shift, and go to state 88

    AND       [reduce using rule 69 (expr)]
    OR        [reduce using rule 69 (expr)]
    EQUAL     [reduce using rule 69 (expr)]
    NE        [reduce using rule 69 (expr)]
    GE        [reduce using rule 69 (expr)]
    LE        [reduce using rule 69 (expr)]
    '+'       [reduce using rule 69 (expr)]
    '-'       [reduce using rule 69 (expr)]
    '*'       [reduce using rule 69 (expr)]
    '/'       [reduce using rule 69 (expr)]
    '%'       [reduce using rule 69 (expr)]
    '<'       [reduce using rule 69 (expr)]
    '>'       [reduce using rule 69 (expr)]
    '^'       [reduce using rule 69 (expr)]
    '&'       [reduce using rule 69 (expr)]
    '|'       [reduce using rule 69 (expr)]
    $default  reduce using rule 69 (expr)


State 114

   52 expr: expr . '+' expr
   53     | expr . '-' expr
   54     | expr . '*' expr
   55     | expr . '/' expr
   56     | expr . '%' expr
   58     | expr . '<' expr
   59     | expr . LE expr
   60     | expr . EQUAL expr
   61     | expr . NE expr
   62     | expr . GE expr
   63     | expr . '>' expr
   64     | expr . AND expr
   65     | expr . OR expr
   66     | expr . '^' expr
   69     | expr . '&' expr
   70     | expr . '|' expr
   70     | expr '|' expr .

    AND    shift, and go to state 72
    OR     shift, and go to state 73
    EQUAL  shift, and go to state 74
    NE     shift, and go to state 75
    GE     shift, and go to state 76
    LE     shift, and go to state 77
    '+'    shift, and go to state 79
    '-'    shift, and go to state 80
    '*'    shift, and go to state 81
    '/'    shift, and go to state 82
    '%'    shift, and go to state 83
    '<'    shift, and go to state 84
    '>'    shift, and go to state 85
    '^'    shift, and go to state 86
    '&'    shift, and go to state 87
    '|'    shift, and go to state 88

    AND       [reduce using rule 70 (expr)]
    OR        [reduce using rule 70 (expr)]
    EQUAL     [reduce using rule 70 (expr)]
    NE        [reduce using rule 70 (expr)]
    GE        [reduce using rule 70 (expr)]
    LE        [reduce using rule 70 (expr)]
    '+'       [reduce using rule 70 (expr)]
    '-'       [reduce using rule 70 (expr)]
    '*'       [reduce using rule 70 (expr)]
    '/'       [reduce using rule 70 (expr)]
    '%'       [reduce using rule 70 (expr)]
    '<'       [reduce using rule 70 (expr)]
    '>'       [reduce using rule 70 (expr)]
    '^'       [reduce using rule 70 (expr)]
    '&'       [reduce using rule 70 (expr)]
    '|'       [reduce using rule 70 (expr)]
    $default  reduce using rule 70 (expr)


State 115

   30 ifStmt: IF expr stmtBlock ELSE . stmtBlock

    '{'  shift, and go to state 22

    stmtBlock  go to state 123


State 116

   39 forStmt: FOR ';' ';' stmtBlock .

    $default  reduce using rule 39 (forStmt)


State 117

   36 forStmt: FOR ';' ';' expr . stmtBlock
   52 expr: expr . '+' expr
   53     | expr . '-' expr
   54     | expr . '*' expr
   55     | expr . '/' expr
   56     | expr . '%' expr
   58     | expr . '<' expr
   59     | expr . LE expr
   60     | expr . EQUAL expr
   61     | expr . NE expr
   62     | expr . GE expr
   63     | expr . '>' expr
   64     | expr . AND expr
   65     | expr . OR expr
   66     | expr . '^' expr
   69     | expr . '&' expr
   70     | expr . '|' expr

    AND    shift, and go to state 72
    OR     shift, and go to state 73
    EQUAL  shift, and go to state 74
    NE     shift, and go to state 75
    GE     shift, and go to state 76
    LE     shift, and go to state 77
    '{'    shift, and go to state 22
    '+'    shift, and go to state 79
    '-'    shift, and go to state 80
    '*'    shift, and go to state 81
    '/'    shift, and go to state 82
    '%'    shift, and go to state 83
    '<'    shift, and go to state 84
    '>'    shift, and go to state 85
    '^'    shift, and go to state 86
    '&'    shift, and go to state 87
    '|'    shift, and go to state 88

    stmtBlock  go to state 124


State 118

   35 forStmt: FOR ';' expr ';' . expr stmtBlock
   37        | FOR ';' expr ';' . stmtBlock

    CONST_BOOL    shift, and go to state 36
    CONST_INT     shift, and go to state 37
    CONST_STRING  shift, and go to state 38
    CONST_FLOAT   shift, and go to state 39
    OBJECTID      shift, and go to state 40
    '('           shift, and go to state 42
    '{'           shift, and go to state 22
    '-'           shift, and go to state 44
    '!'           shift, and go to state 45
    '~'           shift, and go to state 46

    stmtBlock  go to state 125
    expr       go to state 126
    call       go to state 56


State 119

   34 forStmt: FOR expr ';' ';' . expr stmtBlock
   38        | FOR expr ';' ';' . stmtBlock

    CONST_BOOL    shift, and go to state 36
    CONST_INT     shift, and go to state 37
    CONST_STRING  shift, and go to state 38
    CONST_FLOAT   shift, and go to state 39
    OBJECTID      shift, and go to state 40
    '('           shift, and go to state 42
    '{'           shift, and go to state 22
    '-'           shift, and go to state 44
    '!'           shift, and go to state 45
    '~'           shift, and go to state 46

    stmtBlock  go to state 127
    expr       go to state 128
    call       go to state 56


State 120

   32 forStmt: FOR expr ';' expr . ';' expr stmtBlock
   33        | FOR expr ';' expr . ';' stmtBlock
   52 expr: expr . '+' expr
   53     | expr . '-' expr
   54     | expr . '*' expr
   55     | expr . '/' expr
   56     | expr . '%' expr
   58     | expr . '<' expr
   59     | expr . LE expr
   60     | expr . EQUAL expr
   61     | expr . NE expr
   62     | expr . GE expr
   63     | expr . '>' expr
   64     | expr . AND expr
   65     | expr . OR expr
   66     | expr . '^' expr
   69     | expr . '&' expr
   70     | expr . '|' expr

    AND    shift, and go to state 72
    OR     shift, and go to state 73
    EQUAL  shift, and go to state 74
    NE     shift, and go to state 75
    GE     shift, and go to state 76
    LE     shift, and go to state 77
    ';'    shift, and go to state 129
    '+'    shift, and go to state 79
    '-'    shift, and go to state 80
    '*'    shift, and go to state 81
    '/'    shift, and go to state 82
    '%'    shift, and go to state 83
    '<'    shift, and go to state 84
    '>'    shift, and go to state 85
    '^'    shift, and go to state 86
    '&'    shift, and go to state 87
    '|'    shift, and go to state 88


State 121

   71 call: OBJECTID '(' actuals ')' .

    $default  reduce using rule 71 (call)


State 122

   74 actuals: actuals ',' . expr

    CONST_BOOL    shift, and go to state 36
    CONST_INT     shift, and go to state 37
    CONST_STRING  shift, and go to state 38
    CONST_FLOAT   shift, and go to state 39
    OBJECTID      shift, and go to state 40
    '('           shift, and go to state 42
    '-'           shift, and go to state 44
    '!'           shift, and go to state 45
    '~'           shift, and go to state 46

    expr  go to state 130
    call  go to state 56


State 123

   30 ifStmt: IF expr stmtBlock ELSE stmtBlock .

    $default  reduce using rule 30 (ifStmt)


State 124

   36 forStmt: FOR ';' ';' expr stmtBlock .

    $default  reduce using rule 36 (forStmt)


State 125

   37 forStmt: FOR ';' expr ';' stmtBlock .

    $default  reduce using rule 37 (forStmt)


State 126

   35 forStmt: FOR ';' expr ';' expr . stmtBlock
   52 expr: expr . '+' expr
   53     | expr . '-' expr
   54     | expr . '*' expr
   55     | expr . '/' expr
   56     | expr . '%' expr
   58     | expr . '<' expr
   59     | expr . LE expr
   60     | expr . EQUAL expr
   61     | expr . NE expr
   62     | expr . GE expr
   63     | expr . '>' expr
   64     | expr . AND expr
   65     | expr . OR expr
   66     | expr . '^' expr
   69     | expr . '&' expr
   70     | expr . '|' expr

    AND    shift, and go to state 72
    OR     shift, and go to state 73
    EQUAL  shift, and go to state 74
    NE     shift, and go to state 75
    GE     shift, and go to state 76
    LE     shift, and go to state 77
    '{'    shift, and go to state 22
    '+'    shift, and go to state 79
    '-'    shift, and go to state 80
    '*'    shift, and go to state 81
    '/'    shift, and go to state 82
    '%'    shift, and go to state 83
    '<'    shift, and go to state 84
    '>'    shift, and go to state 85
    '^'    shift, and go to state 86
    '&'    shift, and go to state 87
    '|'    shift, and go to state 88

    stmtBlock  go to state 131


State 127

   38 forStmt: FOR expr ';' ';' stmtBlock .

    $default  reduce using rule 38 (forStmt)


State 128

   34 forStmt: FOR expr ';' ';' expr . stmtBlock
   52 expr: expr . '+' expr
   53     | expr . '-' expr
   54     | expr . '*' expr
   55     | expr . '/' expr
   56     | expr . '%' expr
   58     | expr . '<' expr
   59     | expr . LE expr
   60     | expr . EQUAL expr
   61     | expr . NE expr
   62     | expr . GE expr
   63     | expr . '>' expr
   64     | expr . AND expr
   65     | expr . OR expr
   66     | expr . '^' expr
   69     | expr . '&' expr
   70     | expr . '|' expr

    AND    shift, and go to state 72
    OR     shift, and go to state 73
    EQUAL  shift, and go to state 74
    NE     shift, and go to state 75
    GE     shift, and go to state 76
    LE     shift, and go to state 77
    '{'    shift, and go to state 22
    '+'    shift, and go to state 79
    '-'    shift, and go to state 80
    '*'    shift, and go to state 81
    '/'    shift, and go to state 82
    '%'    shift, and go to state 83
    '<'    shift, and go to state 84
    '>'    shift, and go to state 85
    '^'    shift, and go to state 86
    '&'    shift, and go to state 87
    '|'    shift, and go to state 88

    stmtBlock  go to state 132


State 129

   32 forStmt: FOR expr ';' expr ';' . expr stmtBlock
   33        | FOR expr ';' expr ';' . stmtBlock

    CONST_BOOL    shift, and go to state 36
    CONST_INT     shift, and go to state 37
    CONST_STRING  shift, and go to state 38
    CONST_FLOAT   shift, and go to state 39
    OBJECTID      shift, and go to state 40
    '('           shift, and go to state 42
    '{'           shift, and go to state 22
    '-'           shift, and go to state 44
    '!'           shift, and go to state 45
    '~'           shift, and go to state 46

    stmtBlock  go to state 133
    expr       go to state 134
    call       go to state 56


State 130

   52 expr: expr . '+' expr
   53     | expr . '-' expr
   54     | expr . '*' expr
   55     | expr . '/' expr
   56     | expr . '%' expr
   58     | expr . '<' expr
   59     | expr . LE expr
   60     | expr . EQUAL expr
   61     | expr . NE expr
   62     | expr . GE expr
   63     | expr . '>' expr
   64     | expr . AND expr
   65     | expr . OR expr
   66     | expr . '^' expr
   69     | expr . '&' expr
   70     | expr . '|' expr
   74 actuals: actuals ',' expr .

    AND    shift, and go to state 72
    OR     shift, and go to state 73
    EQUAL  shift, and go to state 74
    NE     shift, and go to state 75
    GE     shift, and go to state 76
    LE     shift, and go to state 77
    '+'    shift, and go to state 79
    '-'    shift, and go to state 80
    '*'    shift, and go to state 81
    '/'    shift, and go to state 82
    '%'    shift, and go to state 83
    '<'    shift, and go to state 84
    '>'    shift, and go to state 85
    '^'    shift, and go to state 86
    '&'    shift, and go to state 87
    '|'    shift, and go to state 88

    $default  reduce using rule 74 (actuals)


State 131

   35 forStmt: FOR ';' expr ';' expr stmtBlock .

    $default  reduce using rule 35 (forStmt)


State 132

   34 forStmt: FOR expr ';' ';' expr stmtBlock .

    $default  reduce using rule 34 (forStmt)


State 133

   33 forStmt: FOR expr ';' expr ';' stmtBlock .

    $default  reduce using rule 33 (forStmt)


State 134

   32 forStmt: FOR expr ';' expr ';' expr . stmtBlock
   52 expr: expr . '+' expr
   53     | expr . '-' expr
   54     | expr . '*' expr
   55     | expr . '/' expr
   56     | expr . '%' expr
   58     | expr . '<' expr
   59     | expr . LE expr
   60     | expr . EQUAL expr
   61     | expr . NE expr
   62     | expr . GE expr
   63     | expr . '>' expr
   64     | expr . AND expr
   65     | expr . OR expr
   66     | expr . '^' expr
   69     | expr . '&' expr
   70     | expr . '|' expr

    AND    shift, and go to state 72
    OR     shift, and go to state 73
    EQUAL  shift, and go to state 74
    NE     shift, and go to state 75
    GE     shift, and go to state 76
    LE     shift, and go to state 77
    '{'    shift, and go to state 22
    '+'    shift, and go to state 79
    '-'    shift, and go to state 80
    '*'    shift, and go to state 81
    '/'    shift, and go to state 82
    '%'    shift, and go to state 83
    '<'    shift, and go to state 84
    '>'    shift, and go to state 85
    '^'    shift, and go to state 86
    '&'    shift, and go to state 87
    '|'    shift, and go to state 88

    stmtBlock  go to state 135


State 135

   32 forStmt: FOR expr ';' expr ';' expr stmtBlock .

    $default  reduce using rule 32 (forStmt)
